<?xml version="1.0" encoding="UTF-8"?>
<testsuite name="SILab2Test" tests="2" skipped="0" failures="0" errors="0" timestamp="2025-05-25T21:03:55" hostname="DESKTOP-NM63L9I" time="0.029">
  <properties/>
  <testcase name="testEveryStatement()" classname="SILab2Test" time="0.026"/>
  <testcase name="testMultipleConditionsPenalty()" classname="SILab2Test" time="0.001"/>
  <system-out><![CDATA[]]></system-out>
  <system-err><![CDATA[]]></system-err>
</testsuite>
